<?xml version="1.0" encoding="UTF-8"?>
<testsuites name="CHS_Login_Excel_TestSuite" time="71.258" tests="4" failures="0" errors="0">
   <testsuite name="CHS_Login_Excel_TestSuite" tests="4" failures="0" errors="0" time="71.258" skipped="0" timestamp="2024-01-24 18:16:09" hostname="rajes - RajeshBandaru.mshome.net" id="Test Suites/CHS_Login_Excel_TestSuite/CHS_Login_Excel_TestSuite">
      <properties>
         <property name="deviceName" value=""/>
         <property name="devicePlatform" value=""/>
         <property name="logFolder" value="C:\\Users\\rajes\\git\\Katalon_CURA_Healthcare_project\\Reports\\20240124_181600\\CHS_Login_Excel_TestSuite\\CHS_Login_Excel_TestSuite\\20240124_181600"/>
         <property name="logFiles" value="C:\\Users\\rajes\\git\\Katalon_CURA_Healthcare_project\\Reports\\20240124_181600\\CHS_Login_Excel_TestSuite\\CHS_Login_Excel_TestSuite\\20240124_181600\\execution0.log"/>
         <property name="attachments" value=""/>
         <property name="hostName" value="rajes - RajeshBandaru.mshome.net"/>
         <property name="os" value="Windows 11 64bit"/>
         <property name="katalonVersion" value="8.6.8.208"/>
         <property name="browser" value="Chrome 120.0.0.0"/>
         <property name="hostAddress" value="192.168.137.1"/>
         <property name="sessionId" value="e8faa987c8690842e1c2b40d226e35b5"/>
         <property name="seleniumVersion" value="3.141.59"/>
         <property name="proxyInformation" value="ProxyInformation { proxyOption=NO_PROXY, proxyServerType=HTTP, username=, password=********, proxyServerAddress=, proxyServerPort=0, executionList=&quot;&quot;, isApplyToDesiredCapabilities=true }"/>
         <property name="platform" value="Windows 11"/>
      </properties>
      <testcase name="Test Cases/TC_CHS_Login/TC_CHS_Login_001" time="21.955" classname="Test Cases/TC_CHS_Login/TC_CHS_Login_001" status="PASSED">
         <system-out><![CDATA[2024-01-24 18:16:10 - [TEST_CASE][PASSED] - Test Cases/TC_CHS_Login/TC_CHS_Login_001: Test Cases/TC_CHS_Login/TC_CHS_Login_001

2024-01-24 18:16:10 - [TEST_STEP][PASSED] - Start listener action : sampleBeforeTestCase: Object: 'Object Repository/CURA Healthcare MakeAppointment/Page_CURA Healthcare Service/a_Make Appointment' is clicked on

2024-01-24 18:16:10 - [TEST_STEP][PASSED] - openBrowser(""): Browser is opened with url: ''

2024-01-24 18:16:10 - [MESSAGE][INFO] - Starting 'Chrome' driver

2024-01-24 18:16:10 - [MESSAGE][INFO] - Action delay is set to 0 milliseconds

2024-01-24 18:16:15 - [MESSAGE][PASSED] - Browser is opened with url: ''

2024-01-24 18:16:15 - [TEST_STEP][PASSED] - navigateToUrl("https://katalon-demo-cura.herokuapp.com/"): Navigate to 'https://katalon-demo-cura.herokuapp.com/' successfully

2024-01-24 18:16:18 - [MESSAGE][PASSED] - Navigate to 'https://katalon-demo-cura.herokuapp.com/' successfully

2024-01-24 18:16:18 - [TEST_STEP][PASSED] - click(findTestObject("Object Repository/CURA Healthcare MakeAppointment/Page_CURA Healthcare Service/a_Make Appointment")): Object: 'Object Repository/CURA Healthcare MakeAppointment/Page_CURA Healthcare Service/a_Make Appointment' is clicked on

2024-01-24 18:16:19 - [MESSAGE][PASSED] - Object: 'Object Repository/CURA Healthcare MakeAppointment/Page_CURA Healthcare Service/a_Make Appointment' is clicked on

2024-01-24 18:16:20 - [TEST_STEP][PASSED] - openBrowser(""): Browser is opened with url: ''

2024-01-24 18:16:20 - [MESSAGE][WARNING] - A browser is already opened. Closing browser and opening a new one

2024-01-24 18:16:21 - [MESSAGE][INFO] - Starting 'Chrome' driver

2024-01-24 18:16:21 - [MESSAGE][INFO] - Action delay is set to 0 milliseconds

2024-01-24 18:16:23 - [MESSAGE][PASSED] - Browser is opened with url: ''

2024-01-24 18:16:23 - [TEST_STEP][PASSED] - navigateToUrl("https://katalon-demo-cura.herokuapp.com/"): Navigate to 'https://katalon-demo-cura.herokuapp.com/' successfully

2024-01-24 18:16:26 - [MESSAGE][PASSED] - Navigate to 'https://katalon-demo-cura.herokuapp.com/' successfully

2024-01-24 18:16:26 - [TEST_STEP][PASSED] - click(findTestObject("CURA Healthcare Service Button/Page_CURA Healthcare Service/a_Make Appointment")): Object: 'Object Repository/CURA Healthcare Service Button/Page_CURA Healthcare Service/a_Make Appointment' is clicked on

2024-01-24 18:16:27 - [MESSAGE][PASSED] - Object: 'Object Repository/CURA Healthcare Service Button/Page_CURA Healthcare Service/a_Make Appointment' is clicked on

2024-01-24 18:16:27 - [TEST_STEP][PASSED] - setText(findTestObject("Object Repository/CURA Healthcare Login/Page_CURA Healthcare Service/input_Username_username"), username): Text 'John Doe' is set on object 'Object Repository/CURA Healthcare Login/Page_CURA Healthcare Service/input_Username_username'

2024-01-24 18:16:28 - [MESSAGE][PASSED] - Text 'John Doe' is set on object 'Object Repository/CURA Healthcare Login/Page_CURA Healthcare Service/input_Username_username'

2024-01-24 18:16:28 - [TEST_STEP][PASSED] - setText(findTestObject("Object Repository/CURA Healthcare Login/Page_CURA Healthcare Service/input_Password_password"), password): Text 'ThisIsNotAPassword' is set on object 'Object Repository/CURA Healthcare Login/Page_CURA Healthcare Service/input_Password_password'

2024-01-24 18:16:29 - [MESSAGE][PASSED] - Text 'ThisIsNotAPassword' is set on object 'Object Repository/CURA Healthcare Login/Page_CURA Healthcare Service/input_Password_password'

2024-01-24 18:16:29 - [TEST_STEP][PASSED] - click(findTestObject("Object Repository/CURA Healthcare Login/Page_CURA Healthcare Service/button_Login")): Object: 'Object Repository/CURA Healthcare Login/Page_CURA Healthcare Service/button_Login' is clicked on

2024-01-24 18:16:31 - [MESSAGE][PASSED] - Object: 'Object Repository/CURA Healthcare Login/Page_CURA Healthcare Service/button_Login' is clicked on

2024-01-24 18:16:31 - [TEST_STEP][PASSED] - closeBrowser(): Browser is closed

2024-01-24 18:16:32 - [MESSAGE][PASSED] - Browser is closed

2024-01-24 18:16:32 - [TEST_STEP][PASSED] - Start listener action : sampleAfterTestCase: Browser is closed

2024-01-24 18:16:32 - [TEST_STEP][PASSED] - closeBrowser(): Browser is closed

2024-01-24 18:16:32 - [MESSAGE][PASSED] - Browser is closed]]></system-out>
         <system-err><![CDATA[]]></system-err>
      </testcase>
      <testcase name="Test Cases/TC_CHS_Login/TC_CHS_Login_001" time="16.421" classname="Test Cases/TC_CHS_Login/TC_CHS_Login_001" status="PASSED">
         <system-out><![CDATA[2024-01-24 18:16:32 - [TEST_CASE][PASSED] - Test Cases/TC_CHS_Login/TC_CHS_Login_001: Test Cases/TC_CHS_Login/TC_CHS_Login_001

2024-01-24 18:16:32 - [TEST_STEP][PASSED] - Start listener action : sampleBeforeTestCase: Object: 'Object Repository/CURA Healthcare MakeAppointment/Page_CURA Healthcare Service/a_Make Appointment' is clicked on

2024-01-24 18:16:32 - [TEST_STEP][PASSED] - openBrowser(""): Browser is opened with url: ''

2024-01-24 18:16:32 - [MESSAGE][INFO] - Starting 'Chrome' driver

2024-01-24 18:16:32 - [MESSAGE][INFO] - Action delay is set to 0 milliseconds

2024-01-24 18:16:33 - [MESSAGE][PASSED] - Browser is opened with url: ''

2024-01-24 18:16:33 - [TEST_STEP][PASSED] - navigateToUrl("https://katalon-demo-cura.herokuapp.com/"): Navigate to 'https://katalon-demo-cura.herokuapp.com/' successfully

2024-01-24 18:16:36 - [MESSAGE][PASSED] - Navigate to 'https://katalon-demo-cura.herokuapp.com/' successfully

2024-01-24 18:16:36 - [TEST_STEP][PASSED] - click(findTestObject("Object Repository/CURA Healthcare MakeAppointment/Page_CURA Healthcare Service/a_Make Appointment")): Object: 'Object Repository/CURA Healthcare MakeAppointment/Page_CURA Healthcare Service/a_Make Appointment' is clicked on

2024-01-24 18:16:37 - [MESSAGE][PASSED] - Object: 'Object Repository/CURA Healthcare MakeAppointment/Page_CURA Healthcare Service/a_Make Appointment' is clicked on

2024-01-24 18:16:37 - [TEST_STEP][PASSED] - openBrowser(""): Browser is opened with url: ''

2024-01-24 18:16:37 - [MESSAGE][WARNING] - A browser is already opened. Closing browser and opening a new one

2024-01-24 18:16:38 - [MESSAGE][INFO] - Starting 'Chrome' driver

2024-01-24 18:16:38 - [MESSAGE][INFO] - Action delay is set to 0 milliseconds

2024-01-24 18:16:40 - [MESSAGE][PASSED] - Browser is opened with url: ''

2024-01-24 18:16:40 - [TEST_STEP][PASSED] - navigateToUrl("https://katalon-demo-cura.herokuapp.com/"): Navigate to 'https://katalon-demo-cura.herokuapp.com/' successfully

2024-01-24 18:16:43 - [MESSAGE][PASSED] - Navigate to 'https://katalon-demo-cura.herokuapp.com/' successfully

2024-01-24 18:16:43 - [TEST_STEP][PASSED] - click(findTestObject("CURA Healthcare Service Button/Page_CURA Healthcare Service/a_Make Appointment")): Object: 'Object Repository/CURA Healthcare Service Button/Page_CURA Healthcare Service/a_Make Appointment' is clicked on

2024-01-24 18:16:44 - [MESSAGE][PASSED] - Object: 'Object Repository/CURA Healthcare Service Button/Page_CURA Healthcare Service/a_Make Appointment' is clicked on

2024-01-24 18:16:44 - [TEST_STEP][PASSED] - setText(findTestObject("Object Repository/CURA Healthcare Login/Page_CURA Healthcare Service/input_Username_username"), username): Text 'John' is set on object 'Object Repository/CURA Healthcare Login/Page_CURA Healthcare Service/input_Username_username'

2024-01-24 18:16:45 - [MESSAGE][PASSED] - Text 'John' is set on object 'Object Repository/CURA Healthcare Login/Page_CURA Healthcare Service/input_Username_username'

2024-01-24 18:16:45 - [TEST_STEP][PASSED] - setText(findTestObject("Object Repository/CURA Healthcare Login/Page_CURA Healthcare Service/input_Password_password"), password): Text 'ThisIsNotAPassword' is set on object 'Object Repository/CURA Healthcare Login/Page_CURA Healthcare Service/input_Password_password'

2024-01-24 18:16:45 - [MESSAGE][PASSED] - Text 'ThisIsNotAPassword' is set on object 'Object Repository/CURA Healthcare Login/Page_CURA Healthcare Service/input_Password_password'

2024-01-24 18:16:45 - [TEST_STEP][PASSED] - click(findTestObject("Object Repository/CURA Healthcare Login/Page_CURA Healthcare Service/button_Login")): Object: 'Object Repository/CURA Healthcare Login/Page_CURA Healthcare Service/button_Login' is clicked on

2024-01-24 18:16:47 - [MESSAGE][PASSED] - Object: 'Object Repository/CURA Healthcare Login/Page_CURA Healthcare Service/button_Login' is clicked on

2024-01-24 18:16:47 - [TEST_STEP][PASSED] - closeBrowser(): Browser is closed

2024-01-24 18:16:48 - [MESSAGE][PASSED] - Browser is closed

2024-01-24 18:16:48 - [TEST_STEP][PASSED] - Start listener action : sampleAfterTestCase: Browser is closed

2024-01-24 18:16:48 - [TEST_STEP][PASSED] - closeBrowser(): Browser is closed

2024-01-24 18:16:48 - [MESSAGE][PASSED] - Browser is closed]]></system-out>
         <system-err><![CDATA[]]></system-err>
      </testcase>
      <testcase name="Test Cases/TC_CHS_Login/TC_CHS_Login_001" time="16.199" classname="Test Cases/TC_CHS_Login/TC_CHS_Login_001" status="PASSED">
         <system-out><![CDATA[2024-01-24 18:16:48 - [TEST_CASE][PASSED] - Test Cases/TC_CHS_Login/TC_CHS_Login_001: Test Cases/TC_CHS_Login/TC_CHS_Login_001

2024-01-24 18:16:48 - [TEST_STEP][PASSED] - Start listener action : sampleBeforeTestCase: Object: 'Object Repository/CURA Healthcare MakeAppointment/Page_CURA Healthcare Service/a_Make Appointment' is clicked on

2024-01-24 18:16:48 - [TEST_STEP][PASSED] - openBrowser(""): Browser is opened with url: ''

2024-01-24 18:16:48 - [MESSAGE][INFO] - Starting 'Chrome' driver

2024-01-24 18:16:48 - [MESSAGE][INFO] - Action delay is set to 0 milliseconds

2024-01-24 18:16:50 - [MESSAGE][PASSED] - Browser is opened with url: ''

2024-01-24 18:16:50 - [TEST_STEP][PASSED] - navigateToUrl("https://katalon-demo-cura.herokuapp.com/"): Navigate to 'https://katalon-demo-cura.herokuapp.com/' successfully

2024-01-24 18:16:53 - [MESSAGE][PASSED] - Navigate to 'https://katalon-demo-cura.herokuapp.com/' successfully

2024-01-24 18:16:53 - [TEST_STEP][PASSED] - click(findTestObject("Object Repository/CURA Healthcare MakeAppointment/Page_CURA Healthcare Service/a_Make Appointment")): Object: 'Object Repository/CURA Healthcare MakeAppointment/Page_CURA Healthcare Service/a_Make Appointment' is clicked on

2024-01-24 18:16:53 - [MESSAGE][PASSED] - Object: 'Object Repository/CURA Healthcare MakeAppointment/Page_CURA Healthcare Service/a_Make Appointment' is clicked on

2024-01-24 18:16:53 - [TEST_STEP][PASSED] - openBrowser(""): Browser is opened with url: ''

2024-01-24 18:16:53 - [MESSAGE][WARNING] - A browser is already opened. Closing browser and opening a new one

2024-01-24 18:16:54 - [MESSAGE][INFO] - Starting 'Chrome' driver

2024-01-24 18:16:54 - [MESSAGE][INFO] - Action delay is set to 0 milliseconds

2024-01-24 18:16:56 - [MESSAGE][PASSED] - Browser is opened with url: ''

2024-01-24 18:16:56 - [TEST_STEP][PASSED] - navigateToUrl("https://katalon-demo-cura.herokuapp.com/"): Navigate to 'https://katalon-demo-cura.herokuapp.com/' successfully

2024-01-24 18:16:59 - [MESSAGE][PASSED] - Navigate to 'https://katalon-demo-cura.herokuapp.com/' successfully

2024-01-24 18:16:59 - [TEST_STEP][PASSED] - click(findTestObject("CURA Healthcare Service Button/Page_CURA Healthcare Service/a_Make Appointment")): Object: 'Object Repository/CURA Healthcare Service Button/Page_CURA Healthcare Service/a_Make Appointment' is clicked on

2024-01-24 18:17:00 - [MESSAGE][PASSED] - Object: 'Object Repository/CURA Healthcare Service Button/Page_CURA Healthcare Service/a_Make Appointment' is clicked on

2024-01-24 18:17:00 - [TEST_STEP][PASSED] - setText(findTestObject("Object Repository/CURA Healthcare Login/Page_CURA Healthcare Service/input_Username_username"), username): Text 'John Doe' is set on object 'Object Repository/CURA Healthcare Login/Page_CURA Healthcare Service/input_Username_username'

2024-01-24 18:17:01 - [MESSAGE][PASSED] - Text 'John Doe' is set on object 'Object Repository/CURA Healthcare Login/Page_CURA Healthcare Service/input_Username_username'

2024-01-24 18:17:01 - [TEST_STEP][PASSED] - setText(findTestObject("Object Repository/CURA Healthcare Login/Page_CURA Healthcare Service/input_Password_password"), password): Text 'ThisIstAPassword' is set on object 'Object Repository/CURA Healthcare Login/Page_CURA Healthcare Service/input_Password_password'

2024-01-24 18:17:02 - [MESSAGE][PASSED] - Text 'ThisIstAPassword' is set on object 'Object Repository/CURA Healthcare Login/Page_CURA Healthcare Service/input_Password_password'

2024-01-24 18:17:02 - [TEST_STEP][PASSED] - click(findTestObject("Object Repository/CURA Healthcare Login/Page_CURA Healthcare Service/button_Login")): Object: 'Object Repository/CURA Healthcare Login/Page_CURA Healthcare Service/button_Login' is clicked on

2024-01-24 18:17:04 - [MESSAGE][PASSED] - Object: 'Object Repository/CURA Healthcare Login/Page_CURA Healthcare Service/button_Login' is clicked on

2024-01-24 18:17:04 - [TEST_STEP][PASSED] - closeBrowser(): Browser is closed

2024-01-24 18:17:04 - [MESSAGE][PASSED] - Browser is closed

2024-01-24 18:17:04 - [TEST_STEP][PASSED] - Start listener action : sampleAfterTestCase: Browser is closed

2024-01-24 18:17:04 - [TEST_STEP][PASSED] - closeBrowser(): Browser is closed

2024-01-24 18:17:04 - [MESSAGE][PASSED] - Browser is closed]]></system-out>
         <system-err><![CDATA[]]></system-err>
      </testcase>
      <testcase name="Test Cases/TC_CHS_Login/TC_CHS_Login_001" time="15.9" classname="Test Cases/TC_CHS_Login/TC_CHS_Login_001" status="PASSED">
         <system-out><![CDATA[2024-01-24 18:17:04 - [TEST_CASE][PASSED] - Test Cases/TC_CHS_Login/TC_CHS_Login_001: Test Cases/TC_CHS_Login/TC_CHS_Login_001

2024-01-24 18:17:04 - [TEST_STEP][PASSED] - Start listener action : sampleBeforeTestCase: Object: 'Object Repository/CURA Healthcare MakeAppointment/Page_CURA Healthcare Service/a_Make Appointment' is clicked on

2024-01-24 18:17:04 - [TEST_STEP][PASSED] - openBrowser(""): Browser is opened with url: ''

2024-01-24 18:17:04 - [MESSAGE][INFO] - Starting 'Chrome' driver

2024-01-24 18:17:04 - [MESSAGE][INFO] - Action delay is set to 0 milliseconds

2024-01-24 18:17:06 - [MESSAGE][PASSED] - Browser is opened with url: ''

2024-01-24 18:17:06 - [TEST_STEP][PASSED] - navigateToUrl("https://katalon-demo-cura.herokuapp.com/"): Navigate to 'https://katalon-demo-cura.herokuapp.com/' successfully

2024-01-24 18:17:09 - [MESSAGE][PASSED] - Navigate to 'https://katalon-demo-cura.herokuapp.com/' successfully

2024-01-24 18:17:09 - [TEST_STEP][PASSED] - click(findTestObject("Object Repository/CURA Healthcare MakeAppointment/Page_CURA Healthcare Service/a_Make Appointment")): Object: 'Object Repository/CURA Healthcare MakeAppointment/Page_CURA Healthcare Service/a_Make Appointment' is clicked on

2024-01-24 18:17:10 - [MESSAGE][PASSED] - Object: 'Object Repository/CURA Healthcare MakeAppointment/Page_CURA Healthcare Service/a_Make Appointment' is clicked on

2024-01-24 18:17:10 - [TEST_STEP][PASSED] - openBrowser(""): Browser is opened with url: ''

2024-01-24 18:17:10 - [MESSAGE][WARNING] - A browser is already opened. Closing browser and opening a new one

2024-01-24 18:17:11 - [MESSAGE][INFO] - Starting 'Chrome' driver

2024-01-24 18:17:11 - [MESSAGE][INFO] - Action delay is set to 0 milliseconds

2024-01-24 18:17:12 - [MESSAGE][PASSED] - Browser is opened with url: ''

2024-01-24 18:17:12 - [TEST_STEP][PASSED] - navigateToUrl("https://katalon-demo-cura.herokuapp.com/"): Navigate to 'https://katalon-demo-cura.herokuapp.com/' successfully

2024-01-24 18:17:15 - [MESSAGE][PASSED] - Navigate to 'https://katalon-demo-cura.herokuapp.com/' successfully

2024-01-24 18:17:15 - [TEST_STEP][PASSED] - click(findTestObject("CURA Healthcare Service Button/Page_CURA Healthcare Service/a_Make Appointment")): Object: 'Object Repository/CURA Healthcare Service Button/Page_CURA Healthcare Service/a_Make Appointment' is clicked on

2024-01-24 18:17:16 - [MESSAGE][PASSED] - Object: 'Object Repository/CURA Healthcare Service Button/Page_CURA Healthcare Service/a_Make Appointment' is clicked on

2024-01-24 18:17:16 - [TEST_STEP][PASSED] - setText(findTestObject("Object Repository/CURA Healthcare Login/Page_CURA Healthcare Service/input_Username_username"), username): Text 'John Doe' is set on object 'Object Repository/CURA Healthcare Login/Page_CURA Healthcare Service/input_Username_username'

2024-01-24 18:17:17 - [MESSAGE][PASSED] - Text 'John Doe' is set on object 'Object Repository/CURA Healthcare Login/Page_CURA Healthcare Service/input_Username_username'

2024-01-24 18:17:17 - [TEST_STEP][PASSED] - setText(findTestObject("Object Repository/CURA Healthcare Login/Page_CURA Healthcare Service/input_Password_password"), password): Text 'ThisIsNotAPassword' is set on object 'Object Repository/CURA Healthcare Login/Page_CURA Healthcare Service/input_Password_password'

2024-01-24 18:17:18 - [MESSAGE][PASSED] - Text 'ThisIsNotAPassword' is set on object 'Object Repository/CURA Healthcare Login/Page_CURA Healthcare Service/input_Password_password'

2024-01-24 18:17:18 - [TEST_STEP][PASSED] - click(findTestObject("Object Repository/CURA Healthcare Login/Page_CURA Healthcare Service/button_Login")): Object: 'Object Repository/CURA Healthcare Login/Page_CURA Healthcare Service/button_Login' is clicked on

2024-01-24 18:17:19 - [MESSAGE][PASSED] - Object: 'Object Repository/CURA Healthcare Login/Page_CURA Healthcare Service/button_Login' is clicked on

2024-01-24 18:17:19 - [TEST_STEP][PASSED] - closeBrowser(): Browser is closed

2024-01-24 18:17:20 - [MESSAGE][PASSED] - Browser is closed

2024-01-24 18:17:20 - [TEST_STEP][PASSED] - Start listener action : sampleAfterTestCase: Browser is closed

2024-01-24 18:17:20 - [TEST_STEP][PASSED] - closeBrowser(): Browser is closed

2024-01-24 18:17:20 - [MESSAGE][PASSED] - Browser is closed]]></system-out>
         <system-err><![CDATA[]]></system-err>
      </testcase>
      <system-out><![CDATA[2024-01-24 18:16:09 - [TEST_SUITE][PASSED] - CHS_Login_Excel_TestSuite: Test Cases/TC_CHS_Login/TC_CHS_Login_001]]></system-out>
      <system-err><![CDATA[]]></system-err>
   </testsuite>
</testsuites>
