<?xml version="1.0" encoding="UTF-8"?>
<testsuites name="CHS_Login_Excel_TestSuite" time="35.193" tests="3" failures="0" errors="0">
   <testsuite name="CHS_Login_Excel_TestSuite" tests="3" failures="0" errors="0" time="35.193" skipped="0" timestamp="2024-01-23 21:38:39" hostname="rajes - RajeshBandaru" id="Test Suites/CHS_Login_Excel_TestSuite/CHS_Login_Excel_TestSuite">
      <properties>
         <property name="deviceName" value=""/>
         <property name="devicePlatform" value=""/>
         <property name="logFolder" value="C:\\Users\\rajes\\git\\Katalon_CURA_Healthcare_project\\Reports\\20240123_213834\\CHS_Login_Excel_TestSuite\\CHS_Login_Excel_TestSuite\\20240123_213835"/>
         <property name="logFiles" value="C:\\Users\\rajes\\git\\Katalon_CURA_Healthcare_project\\Reports\\20240123_213834\\CHS_Login_Excel_TestSuite\\CHS_Login_Excel_TestSuite\\20240123_213835\\execution0.log"/>
         <property name="attachments" value=""/>
         <property name="hostName" value="rajes - RajeshBandaru"/>
         <property name="os" value="Windows 11 64bit"/>
         <property name="katalonVersion" value="8.6.8.208"/>
         <property name="browser" value="Chrome 120.0.0.0"/>
         <property name="hostAddress" value="192.168.105.13"/>
         <property name="sessionId" value="ae0f3ae1c0730ef716366e4339044406"/>
         <property name="seleniumVersion" value="3.141.59"/>
         <property name="proxyInformation" value="ProxyInformation { proxyOption=NO_PROXY, proxyServerType=HTTP, username=, password=********, proxyServerAddress=, proxyServerPort=0, executionList=&quot;&quot;, isApplyToDesiredCapabilities=true }"/>
         <property name="platform" value="Windows 11"/>
      </properties>
      <testcase name="Test Cases/TC_CHS_Login/TC_CHS_Login_001" time="14.165" classname="Test Cases/TC_CHS_Login/TC_CHS_Login_001" status="PASSED">
         <system-out><![CDATA[2024-01-23 21:38:40 - [TEST_CASE][PASSED] - Test Cases/TC_CHS_Login/TC_CHS_Login_001: Test Cases/TC_CHS_Login/TC_CHS_Login_001

2024-01-23 21:38:41 - [TEST_STEP][PASSED] - openBrowser(""): Browser is opened with url: ''

2024-01-23 21:38:41 - [MESSAGE][INFO] - Starting 'Chrome' driver

2024-01-23 21:38:41 - [MESSAGE][INFO] - Action delay is set to 0 milliseconds

2024-01-23 21:38:44 - [MESSAGE][PASSED] - Browser is opened with url: ''

2024-01-23 21:38:44 - [TEST_STEP][PASSED] - navigateToUrl("https://katalon-demo-cura.herokuapp.com/"): Navigate to 'https://katalon-demo-cura.herokuapp.com/' successfully

2024-01-23 21:38:47 - [MESSAGE][PASSED] - Navigate to 'https://katalon-demo-cura.herokuapp.com/' successfully

2024-01-23 21:38:47 - [TEST_STEP][PASSED] - click(findTestObject("CURA Healthcare Service Button/Page_CURA Healthcare Service/a_Make Appointment")): Object: 'Object Repository/CURA Healthcare Service Button/Page_CURA Healthcare Service/a_Make Appointment' is clicked on

2024-01-23 21:38:48 - [MESSAGE][PASSED] - Object: 'Object Repository/CURA Healthcare Service Button/Page_CURA Healthcare Service/a_Make Appointment' is clicked on

2024-01-23 21:38:48 - [TEST_STEP][PASSED] - setText(findTestObject("Object Repository/CURA Healthcare Login/Page_CURA Healthcare Service/input_Username_username"), username): Text 'John Doe' is set on object 'Object Repository/CURA Healthcare Login/Page_CURA Healthcare Service/input_Username_username'

2024-01-23 21:38:49 - [MESSAGE][PASSED] - Text 'John Doe' is set on object 'Object Repository/CURA Healthcare Login/Page_CURA Healthcare Service/input_Username_username'

2024-01-23 21:38:49 - [TEST_STEP][PASSED] - setText(findTestObject("Object Repository/CURA Healthcare Login/Page_CURA Healthcare Service/input_Password_password"), password): Text 'ThisIsNotAPassword' is set on object 'Object Repository/CURA Healthcare Login/Page_CURA Healthcare Service/input_Password_password'

2024-01-23 21:38:51 - [MESSAGE][PASSED] - Text 'ThisIsNotAPassword' is set on object 'Object Repository/CURA Healthcare Login/Page_CURA Healthcare Service/input_Password_password'

2024-01-23 21:38:51 - [TEST_STEP][PASSED] - click(findTestObject("Object Repository/CURA Healthcare Login/Page_CURA Healthcare Service/button_Login")): Object: 'Object Repository/CURA Healthcare Login/Page_CURA Healthcare Service/button_Login' is clicked on

2024-01-23 21:38:53 - [MESSAGE][PASSED] - Object: 'Object Repository/CURA Healthcare Login/Page_CURA Healthcare Service/button_Login' is clicked on

2024-01-23 21:38:53 - [TEST_STEP][PASSED] - closeBrowser(): Browser is closed

2024-01-23 21:38:54 - [MESSAGE][PASSED] - Browser is closed]]></system-out>
         <system-err><![CDATA[]]></system-err>
      </testcase>
      <testcase name="Test Cases/TC_CHS_Login/TC_CHS_Login_001" time="9.847" classname="Test Cases/TC_CHS_Login/TC_CHS_Login_001" status="PASSED">
         <system-out><![CDATA[2024-01-23 21:38:54 - [TEST_CASE][PASSED] - Test Cases/TC_CHS_Login/TC_CHS_Login_001: Test Cases/TC_CHS_Login/TC_CHS_Login_001

2024-01-23 21:38:54 - [TEST_STEP][PASSED] - openBrowser(""): Browser is opened with url: ''

2024-01-23 21:38:54 - [MESSAGE][INFO] - Starting 'Chrome' driver

2024-01-23 21:38:54 - [MESSAGE][INFO] - Action delay is set to 0 milliseconds

2024-01-23 21:38:56 - [MESSAGE][PASSED] - Browser is opened with url: ''

2024-01-23 21:38:56 - [TEST_STEP][PASSED] - navigateToUrl("https://katalon-demo-cura.herokuapp.com/"): Navigate to 'https://katalon-demo-cura.herokuapp.com/' successfully

2024-01-23 21:38:59 - [MESSAGE][PASSED] - Navigate to 'https://katalon-demo-cura.herokuapp.com/' successfully

2024-01-23 21:38:59 - [TEST_STEP][PASSED] - click(findTestObject("CURA Healthcare Service Button/Page_CURA Healthcare Service/a_Make Appointment")): Object: 'Object Repository/CURA Healthcare Service Button/Page_CURA Healthcare Service/a_Make Appointment' is clicked on

2024-01-23 21:39:00 - [MESSAGE][PASSED] - Object: 'Object Repository/CURA Healthcare Service Button/Page_CURA Healthcare Service/a_Make Appointment' is clicked on

2024-01-23 21:39:00 - [TEST_STEP][PASSED] - setText(findTestObject("Object Repository/CURA Healthcare Login/Page_CURA Healthcare Service/input_Username_username"), username): Text 'John' is set on object 'Object Repository/CURA Healthcare Login/Page_CURA Healthcare Service/input_Username_username'

2024-01-23 21:39:01 - [MESSAGE][PASSED] - Text 'John' is set on object 'Object Repository/CURA Healthcare Login/Page_CURA Healthcare Service/input_Username_username'

2024-01-23 21:39:01 - [TEST_STEP][PASSED] - setText(findTestObject("Object Repository/CURA Healthcare Login/Page_CURA Healthcare Service/input_Password_password"), password): Text 'ThisIsNotAPassword' is set on object 'Object Repository/CURA Healthcare Login/Page_CURA Healthcare Service/input_Password_password'

2024-01-23 21:39:02 - [MESSAGE][PASSED] - Text 'ThisIsNotAPassword' is set on object 'Object Repository/CURA Healthcare Login/Page_CURA Healthcare Service/input_Password_password'

2024-01-23 21:39:02 - [TEST_STEP][PASSED] - click(findTestObject("Object Repository/CURA Healthcare Login/Page_CURA Healthcare Service/button_Login")): Object: 'Object Repository/CURA Healthcare Login/Page_CURA Healthcare Service/button_Login' is clicked on

2024-01-23 21:39:03 - [MESSAGE][PASSED] - Object: 'Object Repository/CURA Healthcare Login/Page_CURA Healthcare Service/button_Login' is clicked on

2024-01-23 21:39:03 - [TEST_STEP][PASSED] - closeBrowser(): Browser is closed

2024-01-23 21:39:04 - [MESSAGE][PASSED] - Browser is closed]]></system-out>
         <system-err><![CDATA[]]></system-err>
      </testcase>
      <testcase name="Test Cases/TC_CHS_Login/TC_CHS_Login_001" time="10.526" classname="Test Cases/TC_CHS_Login/TC_CHS_Login_001" status="PASSED">
         <system-out><![CDATA[2024-01-23 21:39:04 - [TEST_CASE][PASSED] - Test Cases/TC_CHS_Login/TC_CHS_Login_001: Test Cases/TC_CHS_Login/TC_CHS_Login_001

2024-01-23 21:39:04 - [TEST_STEP][PASSED] - openBrowser(""): Browser is opened with url: ''

2024-01-23 21:39:04 - [MESSAGE][INFO] - Starting 'Chrome' driver

2024-01-23 21:39:04 - [MESSAGE][INFO] - Action delay is set to 0 milliseconds

2024-01-23 21:39:06 - [MESSAGE][PASSED] - Browser is opened with url: ''

2024-01-23 21:39:06 - [TEST_STEP][PASSED] - navigateToUrl("https://katalon-demo-cura.herokuapp.com/"): Navigate to 'https://katalon-demo-cura.herokuapp.com/' successfully

2024-01-23 21:39:09 - [MESSAGE][PASSED] - Navigate to 'https://katalon-demo-cura.herokuapp.com/' successfully

2024-01-23 21:39:09 - [TEST_STEP][PASSED] - click(findTestObject("CURA Healthcare Service Button/Page_CURA Healthcare Service/a_Make Appointment")): Object: 'Object Repository/CURA Healthcare Service Button/Page_CURA Healthcare Service/a_Make Appointment' is clicked on

2024-01-23 21:39:10 - [MESSAGE][PASSED] - Object: 'Object Repository/CURA Healthcare Service Button/Page_CURA Healthcare Service/a_Make Appointment' is clicked on

2024-01-23 21:39:10 - [TEST_STEP][PASSED] - setText(findTestObject("Object Repository/CURA Healthcare Login/Page_CURA Healthcare Service/input_Username_username"), username): Text 'John Doe' is set on object 'Object Repository/CURA Healthcare Login/Page_CURA Healthcare Service/input_Username_username'

2024-01-23 21:39:11 - [MESSAGE][PASSED] - Text 'John Doe' is set on object 'Object Repository/CURA Healthcare Login/Page_CURA Healthcare Service/input_Username_username'

2024-01-23 21:39:11 - [TEST_STEP][PASSED] - setText(findTestObject("Object Repository/CURA Healthcare Login/Page_CURA Healthcare Service/input_Password_password"), password): Text 'ThisIstAPassword' is set on object 'Object Repository/CURA Healthcare Login/Page_CURA Healthcare Service/input_Password_password'

2024-01-23 21:39:12 - [MESSAGE][PASSED] - Text 'ThisIstAPassword' is set on object 'Object Repository/CURA Healthcare Login/Page_CURA Healthcare Service/input_Password_password'

2024-01-23 21:39:12 - [TEST_STEP][PASSED] - click(findTestObject("Object Repository/CURA Healthcare Login/Page_CURA Healthcare Service/button_Login")): Object: 'Object Repository/CURA Healthcare Login/Page_CURA Healthcare Service/button_Login' is clicked on

2024-01-23 21:39:14 - [MESSAGE][PASSED] - Object: 'Object Repository/CURA Healthcare Login/Page_CURA Healthcare Service/button_Login' is clicked on

2024-01-23 21:39:14 - [TEST_STEP][PASSED] - closeBrowser(): Browser is closed

2024-01-23 21:39:15 - [MESSAGE][PASSED] - Browser is closed]]></system-out>
         <system-err><![CDATA[]]></system-err>
      </testcase>
      <system-out><![CDATA[2024-01-23 21:38:39 - [TEST_SUITE][PASSED] - CHS_Login_Excel_TestSuite: Test Cases/TC_CHS_Login/TC_CHS_Login_001]]></system-out>
      <system-err><![CDATA[]]></system-err>
   </testsuite>
</testsuites>
