<?xml version="1.0" encoding="UTF-8"?>
<testsuites name="CHS_Login_Excel_TestSuite" time="47.168" tests="1" failures="0" errors="0">
   <testsuite name="CHS_Login_Excel_TestSuite" tests="1" failures="0" errors="0" time="47.168" skipped="0" timestamp="2024-01-23 21:32:53" hostname="rajes - RajeshBandaru" id="Test Suites/CHS_Login_Excel_TestSuite/CHS_Login_Excel_TestSuite">
      <properties>
         <property name="deviceName" value=""/>
         <property name="devicePlatform" value=""/>
         <property name="logFolder" value="C:\\Users\\rajes\\git\\Katalon_CURA_Healthcare_project\\Reports\\20240123_213249\\CHS_Login_Excel_TestSuite\\CHS_Login_Excel_TestSuite\\20240123_213249"/>
         <property name="logFiles" value="C:\\Users\\rajes\\git\\Katalon_CURA_Healthcare_project\\Reports\\20240123_213249\\CHS_Login_Excel_TestSuite\\CHS_Login_Excel_TestSuite\\20240123_213249\\execution0.log"/>
         <property name="attachments" value=""/>
         <property name="hostName" value="rajes - RajeshBandaru"/>
         <property name="os" value="Windows 11 64bit"/>
         <property name="katalonVersion" value="8.6.8.208"/>
         <property name="browser" value="Chrome 120.0.0.0"/>
         <property name="hostAddress" value="192.168.105.13"/>
         <property name="sessionId" value="fee2421ff469cd149d32e7d778e29203"/>
         <property name="seleniumVersion" value="3.141.59"/>
         <property name="proxyInformation" value="ProxyInformation { proxyOption=NO_PROXY, proxyServerType=HTTP, username=, password=********, proxyServerAddress=, proxyServerPort=0, executionList=&quot;&quot;, isApplyToDesiredCapabilities=true }"/>
         <property name="platform" value="Windows 11"/>
      </properties>
      <testcase name="Test Cases/TC_CHS_Login/TC_CHS_Login_001" time="46.751" classname="Test Cases/TC_CHS_Login/TC_CHS_Login_001" status="PASSED">
         <system-out><![CDATA[2024-01-23 21:32:53 - [TEST_CASE][PASSED] - Test Cases/TC_CHS_Login/TC_CHS_Login_001: Test Cases/TC_CHS_Login/TC_CHS_Login_001

2024-01-23 21:32:54 - [TEST_STEP][PASSED] - openBrowser(""): Browser is opened with url: ''

2024-01-23 21:32:54 - [MESSAGE][INFO] - Starting 'Chrome' driver

2024-01-23 21:32:54 - [MESSAGE][INFO] - Action delay is set to 0 milliseconds

2024-01-23 21:32:58 - [MESSAGE][PASSED] - Browser is opened with url: ''

2024-01-23 21:32:58 - [TEST_STEP][PASSED] - navigateToUrl("https://katalon-demo-cura.herokuapp.com/"): Navigate to 'https://katalon-demo-cura.herokuapp.com/' successfully

2024-01-23 21:33:02 - [MESSAGE][PASSED] - Navigate to 'https://katalon-demo-cura.herokuapp.com/' successfully

2024-01-23 21:33:02 - [TEST_STEP][PASSED] - click(findTestObject("CURA Healthcare Service Button/Page_CURA Healthcare Service/a_Make Appointment")): Object: 'Object Repository/CURA Healthcare Service Button/Page_CURA Healthcare Service/a_Make Appointment' is clicked on

2024-01-23 21:33:03 - [MESSAGE][PASSED] - Object: 'Object Repository/CURA Healthcare Service Button/Page_CURA Healthcare Service/a_Make Appointment' is clicked on

2024-01-23 21:33:03 - [TEST_STEP][PASSED] - setText(findTestObject("Object Repository/CURA Healthcare Login/Page_CURA Healthcare Service/input_Username_username"), username): Text '' is set on object 'Object Repository/CURA Healthcare Login/Page_CURA Healthcare Service/input_Username_username'

2024-01-23 21:33:04 - [MESSAGE][PASSED] - Text '' is set on object 'Object Repository/CURA Healthcare Login/Page_CURA Healthcare Service/input_Username_username'

2024-01-23 21:33:04 - [TEST_STEP][PASSED] - setEncryptedText(findTestObject("Object Repository/CURA Healthcare Login/Page_CURA Healthcare Service/input_Password_password"), password): Text ****** has been set on object 'Object Repository/CURA Healthcare Login/Page_CURA Healthcare Service/input_Password_password'

2024-01-23 21:33:05 - [MESSAGE][PASSED] - Text ****** has been set on object 'Object Repository/CURA Healthcare Login/Page_CURA Healthcare Service/input_Password_password'

2024-01-23 21:33:05 - [TEST_STEP][PASSED] - click(findTestObject("Object Repository/CURA Healthcare Login/Page_CURA Healthcare Service/button_Login")): Object: 'Object Repository/CURA Healthcare Login/Page_CURA Healthcare Service/button_Login' is clicked on

2024-01-23 21:33:06 - [MESSAGE][PASSED] - Object: 'Object Repository/CURA Healthcare Login/Page_CURA Healthcare Service/button_Login' is clicked on

2024-01-23 21:33:06 - [TEST_STEP][PASSED] - click(findTestObject("Object Repository/CURA Healthcare Login/Page_CURA Healthcare Service/h2_Make Appointment")): Object: 'Object Repository/CURA Healthcare Login/Page_CURA Healthcare Service/h2_Make Appointment' is clicked on

2024-01-23 21:33:38 - [MESSAGE][INFO] - Unable to find the element located by 'By.xpath: //section[@id='appointment']/div/div/div/h2'. Please recheck the objects properties to make sure the desired element is located. 

2024-01-23 21:33:38 - [MESSAGE][WARNING] - [SELF-HEALING] Failed to find element with id 'Object Repository/CURA Healthcare Login/Page_CURA Healthcare Service/h2_Make Appointment'. Try using Self-healing.

2024-01-23 21:33:38 - [MESSAGE][INFO] - [SELF-HEALING] Failed Locator: '//section[@id='appointment']/div/div/div/h2'.

2024-01-23 21:33:38 - [MESSAGE][INFO] - [SELF-HEALING] Working Locator: '(.//*[normalize-space(text()) and normalize-space(.)='Make Appointment'])[1]/following::h2[1]'.

2024-01-23 21:33:39 - [MESSAGE][INFO] - [SELF-HEALING] Screenshot: C:/Users/rajes/git/Katalon_CURA_Healthcare_project/Reports/Self-healing/Object Repository/CURA Healthcare Login/Page_CURA Healthcare Service/h2_Make Appointment_neighbor.png

2024-01-23 21:33:39 - [MESSAGE][WARNING] - [SELF-HEALING] The current locator of test object 'Object Repository/CURA Healthcare Login/Page_CURA Healthcare Service/h2_Make Appointment' was broken. Propose an alternative one: '(.//*[normalize-space(text()) and normalize-space(.)='Make Appointment'])[1]/following::h2[1]'.

2024-01-23 21:33:39 - [MESSAGE][PASSED] - Object: 'Object Repository/CURA Healthcare Login/Page_CURA Healthcare Service/h2_Make Appointment' is clicked on

2024-01-23 21:33:39 - [TEST_STEP][PASSED] - closeBrowser(): Browser is closed

2024-01-23 21:33:40 - [MESSAGE][PASSED] - Browser is closed]]></system-out>
         <system-err><![CDATA[]]></system-err>
      </testcase>
      <system-out><![CDATA[2024-01-23 21:32:53 - [TEST_SUITE][PASSED] - CHS_Login_Excel_TestSuite: Test Cases/TC_CHS_Login/TC_CHS_Login_001]]></system-out>
      <system-err><![CDATA[]]></system-err>
   </testsuite>
</testsuites>
