<?xml version="1.0" encoding="UTF-8"?>
<testsuites name="CHS_MakeAppointment_Internal_Data" time="19.9" tests="1" failures="0" errors="0">
   <testsuite name="CHS_MakeAppointment_Internal_Data" tests="1" failures="0" errors="0" time="19.9" skipped="0" timestamp="2024-01-24 18:36:09" hostname="rajes - RajeshBandaru.mshome.net" id="Test Suites/TListener_CHS_MakeAppointment/CHS_MakeAppointment_Internal_Data">
      <properties>
         <property name="deviceName" value=""/>
         <property name="devicePlatform" value=""/>
         <property name="logFolder" value="C:\\Users\\rajes\\git\\Katalon_CURA_Healthcare_project\\Reports\\20240124_183601\\TListener_CHS_MakeAppointment\\CHS_MakeAppointment_Internal_Data\\20240124_183601"/>
         <property name="logFiles" value="C:\\Users\\rajes\\git\\Katalon_CURA_Healthcare_project\\Reports\\20240124_183601\\TListener_CHS_MakeAppointment\\CHS_MakeAppointment_Internal_Data\\20240124_183601\\execution0.log"/>
         <property name="attachments" value=""/>
         <property name="hostName" value="rajes - RajeshBandaru.mshome.net"/>
         <property name="os" value="Windows 11 64bit"/>
         <property name="katalonVersion" value="8.6.8.208"/>
         <property name="browser" value="Chrome 120.0.0.0"/>
         <property name="hostAddress" value="192.168.137.1"/>
         <property name="sessionId" value="893338f25b99cf4efc69a37a617d739d"/>
         <property name="seleniumVersion" value="3.141.59"/>
         <property name="proxyInformation" value="ProxyInformation { proxyOption=NO_PROXY, proxyServerType=HTTP, username=, password=********, proxyServerAddress=, proxyServerPort=0, executionList=&quot;&quot;, isApplyToDesiredCapabilities=true }"/>
         <property name="platform" value="Windows 11"/>
      </properties>
      <testcase name="Test Cases/TC_CHS_MakeAppointment/TC_CHS_MakeAppointement_002" time="19.269" classname="Test Cases/TC_CHS_MakeAppointment/TC_CHS_MakeAppointement_002" status="PASSED">
         <system-out><![CDATA[2024-01-24 18:36:10 - [TEST_CASE][PASSED] - Test Cases/TC_CHS_MakeAppointment/TC_CHS_MakeAppointement_002: Test Cases/TC_CHS_MakeAppointment/TC_CHS_MakeAppointement_002

2024-01-24 18:36:10 - [TEST_STEP][PASSED] - Start listener action : sampleBeforeTestCase: Object: 'Object Repository/CURA Healthcare MakeAppointment/Page_CURA Healthcare Service/a_Make Appointment' is clicked on

2024-01-24 18:36:10 - [TEST_STEP][PASSED] - openBrowser(""): Browser is opened with url: ''

2024-01-24 18:36:11 - [MESSAGE][INFO] - Starting 'Chrome' driver

2024-01-24 18:36:11 - [MESSAGE][INFO] - Action delay is set to 0 milliseconds

2024-01-24 18:36:15 - [MESSAGE][PASSED] - Browser is opened with url: ''

2024-01-24 18:36:15 - [TEST_STEP][PASSED] - navigateToUrl("https://katalon-demo-cura.herokuapp.com/"): Navigate to 'https://katalon-demo-cura.herokuapp.com/' successfully

2024-01-24 18:36:18 - [MESSAGE][PASSED] - Navigate to 'https://katalon-demo-cura.herokuapp.com/' successfully

2024-01-24 18:36:18 - [TEST_STEP][PASSED] - click(findTestObject("Object Repository/CURA Healthcare MakeAppointment/Page_CURA Healthcare Service/a_Make Appointment")): Object: 'Object Repository/CURA Healthcare MakeAppointment/Page_CURA Healthcare Service/a_Make Appointment' is clicked on

2024-01-24 18:36:20 - [MESSAGE][PASSED] - Object: 'Object Repository/CURA Healthcare MakeAppointment/Page_CURA Healthcare Service/a_Make Appointment' is clicked on

2024-01-24 18:36:20 - [TEST_STEP][PASSED] - setText(findTestObject("Object Repository/CURA Healthcare MakeAppointment/Page_CURA Healthcare Service/input_Username_username"), "John Doe"): Text 'John Doe' is set on object 'Object Repository/CURA Healthcare MakeAppointment/Page_CURA Healthcare Service/input_Username_username'

2024-01-24 18:36:21 - [MESSAGE][PASSED] - Text 'John Doe' is set on object 'Object Repository/CURA Healthcare MakeAppointment/Page_CURA Healthcare Service/input_Username_username'

2024-01-24 18:36:21 - [TEST_STEP][PASSED] - setEncryptedText(findTestObject("Object Repository/CURA Healthcare MakeAppointment/Page_CURA Healthcare Service/input_Password_password"), "g3/DOGG74jC3Flrr3yH+3D/yKbOqqUNM"): Text ****** has been set on object 'Object Repository/CURA Healthcare MakeAppointment/Page_CURA Healthcare Service/input_Password_password'

2024-01-24 18:36:22 - [MESSAGE][PASSED] - Text ****** has been set on object 'Object Repository/CURA Healthcare MakeAppointment/Page_CURA Healthcare Service/input_Password_password'

2024-01-24 18:36:22 - [TEST_STEP][PASSED] - click(findTestObject("Object Repository/CURA Healthcare MakeAppointment/Page_CURA Healthcare Service/button_Login")): Object: 'Object Repository/CURA Healthcare MakeAppointment/Page_CURA Healthcare Service/button_Login' is clicked on

2024-01-24 18:36:23 - [MESSAGE][PASSED] - Object: 'Object Repository/CURA Healthcare MakeAppointment/Page_CURA Healthcare Service/button_Login' is clicked on

2024-01-24 18:36:23 - [TEST_STEP][PASSED] - selectOptionByValue(findTestObject("CURA Healthcare Service Button/Page_CURA Healthcare Service/Facility"), facility, true): All options with value 'Hongkong CURA Healthcare Center' are selected in object 'Object Repository/CURA Healthcare Service Button/Page_CURA Healthcare Service/Facility'  using regular expression

2024-01-24 18:36:24 - [MESSAGE][PASSED] - All options with value 'Hongkong CURA Healthcare Center' are selected in object 'Object Repository/CURA Healthcare Service Button/Page_CURA Healthcare Service/Facility'  using regular expression

2024-01-24 18:36:24 - [TEST_STEP][PASSED] - click(findTestObject("Object Repository/CURA Healthcare MakeAppointment/Page_CURA Healthcare Service/input_Apply for hospital readmission_hospit_63901f")): Object: 'Object Repository/CURA Healthcare MakeAppointment/Page_CURA Healthcare Service/input_Apply for hospital readmission_hospit_63901f' is clicked on

2024-01-24 18:36:25 - [MESSAGE][PASSED] - Object: 'Object Repository/CURA Healthcare MakeAppointment/Page_CURA Healthcare Service/input_Apply for hospital readmission_hospit_63901f' is clicked on

2024-01-24 18:36:25 - [TEST_STEP][PASSED] - click(findTestObject("Object Repository/CURA Healthcare MakeAppointment/Page_CURA Healthcare Service/input_Medicaid_programs")): Object: 'Object Repository/CURA Healthcare MakeAppointment/Page_CURA Healthcare Service/input_Medicaid_programs' is clicked on

2024-01-24 18:36:25 - [MESSAGE][PASSED] - Object: 'Object Repository/CURA Healthcare MakeAppointment/Page_CURA Healthcare Service/input_Medicaid_programs' is clicked on

2024-01-24 18:36:25 - [TEST_STEP][PASSED] - setText(findTestObject("Object Repository/CURA Healthcare MakeAppointment/Page_CURA Healthcare Service/input_Visit Date (Required)_visit_date"), date): Text '31/01/2024' is set on object 'Object Repository/CURA Healthcare MakeAppointment/Page_CURA Healthcare Service/input_Visit Date (Required)_visit_date'

2024-01-24 18:36:26 - [MESSAGE][PASSED] - Text '31/01/2024' is set on object 'Object Repository/CURA Healthcare MakeAppointment/Page_CURA Healthcare Service/input_Visit Date (Required)_visit_date'

2024-01-24 18:36:26 - [TEST_STEP][PASSED] - setText(findTestObject("Object Repository/CURA Healthcare MakeAppointment/Page_CURA Healthcare Service/textarea_Comment_comment"), "Hi"): Text 'Hi' is set on object 'Object Repository/CURA Healthcare MakeAppointment/Page_CURA Healthcare Service/textarea_Comment_comment'

2024-01-24 18:36:27 - [MESSAGE][PASSED] - Text 'Hi' is set on object 'Object Repository/CURA Healthcare MakeAppointment/Page_CURA Healthcare Service/textarea_Comment_comment'

2024-01-24 18:36:27 - [TEST_STEP][PASSED] - click(findTestObject("Object Repository/CURA Healthcare MakeAppointment/Page_CURA Healthcare Service/button_Book Appointment")): Object: 'Object Repository/CURA Healthcare MakeAppointment/Page_CURA Healthcare Service/button_Book Appointment' is clicked on

2024-01-24 18:36:28 - [MESSAGE][PASSED] - Object: 'Object Repository/CURA Healthcare MakeAppointment/Page_CURA Healthcare Service/button_Book Appointment' is clicked on

2024-01-24 18:36:28 - [TEST_STEP][PASSED] - Start listener action : sampleAfterTestCase: Browser is closed

2024-01-24 18:36:28 - [TEST_STEP][PASSED] - closeBrowser(): Browser is closed

2024-01-24 18:36:29 - [MESSAGE][PASSED] - Browser is closed]]></system-out>
         <system-err><![CDATA[]]></system-err>
      </testcase>
      <system-out><![CDATA[2024-01-24 18:36:09 - [TEST_SUITE][PASSED] - CHS_MakeAppointment_Internal_Data: Test Cases/TC_CHS_MakeAppointment/TC_CHS_MakeAppointement_002]]></system-out>
      <system-err><![CDATA[]]></system-err>
   </testsuite>
</testsuites>
