<?xml version="1.0" encoding="UTF-8"?>
<testsuites name="TS_Login_MakeAppointment_Setup_TearDown" time="38.495" tests="2" failures="0" errors="0">
   <testsuite name="TS_Login_MakeAppointment_Setup_TearDown" tests="2" failures="0" errors="0" time="38.495" skipped="0" timestamp="2024-01-25 10:42:41" hostname="rajes - RajeshBandaru.mshome.net" id="Test Suites/TS_CHS_Setup_TearDown/TS_Login_MakeAppointment_Setup_TearDown">
      <properties>
         <property name="deviceName" value=""/>
         <property name="devicePlatform" value=""/>
         <property name="logFolder" value="C:\\Users\\rajes\\git\\Katalon_CURA_Healthcare_project\\Reports\\20240125_104225\\TS_CHS_Setup_TearDown\\TS_Login_MakeAppointment_Setup_TearDown\\20240125_104229"/>
         <property name="logFiles" value="C:\\Users\\rajes\\git\\Katalon_CURA_Healthcare_project\\Reports\\20240125_104225\\TS_CHS_Setup_TearDown\\TS_Login_MakeAppointment_Setup_TearDown\\20240125_104229\\execution0.log"/>
         <property name="attachments" value=""/>
         <property name="hostName" value="rajes - RajeshBandaru.mshome.net"/>
         <property name="os" value="Windows 11 64bit"/>
         <property name="katalonVersion" value="8.6.8.208"/>
         <property name="browser" value="Chrome 120.0.0.0"/>
         <property name="hostAddress" value="192.168.137.1"/>
         <property name="sessionId" value="e6b980a52b8b798689337cf4e0562c09"/>
         <property name="seleniumVersion" value="3.141.59"/>
         <property name="proxyInformation" value="ProxyInformation { proxyOption=NO_PROXY, proxyServerType=HTTP, username=, password=********, proxyServerAddress=, proxyServerPort=0, executionList=&quot;&quot;, isApplyToDesiredCapabilities=true }"/>
         <property name="platform" value="Windows 11"/>
      </properties>
      <testcase name="Test Cases/TC_CHS_Login/TC_CHS_Login_001" time="23.161" classname="Test Cases/TC_CHS_Login/TC_CHS_Login_001" status="PASSED">
         <system-out><![CDATA[2024-01-25 10:42:42 - [TEST_CASE][PASSED] - Test Cases/TC_CHS_Login/TC_CHS_Login_001: Test Cases/TC_CHS_Login/TC_CHS_Login_001

2024-01-25 10:42:43 - [TEST_STEP][PASSED] - Start listener action : sampleBeforeTestCase: Object: 'Object Repository/CURA Healthcare MakeAppointment/Page_CURA Healthcare Service/a_Make Appointment' is clicked on

2024-01-25 10:42:43 - [TEST_STEP][PASSED] - openBrowser(""): Browser is opened with url: ''

2024-01-25 10:42:43 - [MESSAGE][INFO] - Starting 'Chrome' driver

2024-01-25 10:42:43 - [MESSAGE][INFO] - Action delay is set to 0 milliseconds

2024-01-25 10:42:47 - [MESSAGE][PASSED] - Browser is opened with url: ''

2024-01-25 10:42:47 - [TEST_STEP][PASSED] - navigateToUrl("https://katalon-demo-cura.herokuapp.com/"): Navigate to 'https://katalon-demo-cura.herokuapp.com/' successfully

2024-01-25 10:42:51 - [MESSAGE][PASSED] - Navigate to 'https://katalon-demo-cura.herokuapp.com/' successfully

2024-01-25 10:42:51 - [TEST_STEP][PASSED] - click(findTestObject("Object Repository/CURA Healthcare MakeAppointment/Page_CURA Healthcare Service/a_Make Appointment")): Object: 'Object Repository/CURA Healthcare MakeAppointment/Page_CURA Healthcare Service/a_Make Appointment' is clicked on

2024-01-25 10:42:52 - [MESSAGE][PASSED] - Object: 'Object Repository/CURA Healthcare MakeAppointment/Page_CURA Healthcare Service/a_Make Appointment' is clicked on

2024-01-25 10:42:53 - [TEST_STEP][PASSED] - openBrowser(""): Browser is opened with url: ''

2024-01-25 10:42:54 - [MESSAGE][WARNING] - A browser is already opened. Closing browser and opening a new one

2024-01-25 10:42:55 - [MESSAGE][INFO] - Starting 'Chrome' driver

2024-01-25 10:42:55 - [MESSAGE][INFO] - Action delay is set to 0 milliseconds

2024-01-25 10:42:57 - [MESSAGE][PASSED] - Browser is opened with url: ''

2024-01-25 10:42:57 - [TEST_STEP][PASSED] - navigateToUrl("https://katalon-demo-cura.herokuapp.com/"): Navigate to 'https://katalon-demo-cura.herokuapp.com/' successfully

2024-01-25 10:43:00 - [MESSAGE][PASSED] - Navigate to 'https://katalon-demo-cura.herokuapp.com/' successfully

2024-01-25 10:43:00 - [TEST_STEP][PASSED] - click(findTestObject("CURA Healthcare Service Button/Page_CURA Healthcare Service/a_Make Appointment")): Object: 'Object Repository/CURA Healthcare Service Button/Page_CURA Healthcare Service/a_Make Appointment' is clicked on

2024-01-25 10:43:01 - [MESSAGE][PASSED] - Object: 'Object Repository/CURA Healthcare Service Button/Page_CURA Healthcare Service/a_Make Appointment' is clicked on

2024-01-25 10:43:01 - [TEST_STEP][PASSED] - setText(findTestObject("Object Repository/CURA Healthcare Login/Page_CURA Healthcare Service/input_Username_username"), username): Text '' is set on object 'Object Repository/CURA Healthcare Login/Page_CURA Healthcare Service/input_Username_username'

2024-01-25 10:43:02 - [MESSAGE][PASSED] - Text '' is set on object 'Object Repository/CURA Healthcare Login/Page_CURA Healthcare Service/input_Username_username'

2024-01-25 10:43:02 - [TEST_STEP][PASSED] - setText(findTestObject("Object Repository/CURA Healthcare Login/Page_CURA Healthcare Service/input_Password_password"), password): Text '' is set on object 'Object Repository/CURA Healthcare Login/Page_CURA Healthcare Service/input_Password_password'

2024-01-25 10:43:03 - [MESSAGE][PASSED] - Text '' is set on object 'Object Repository/CURA Healthcare Login/Page_CURA Healthcare Service/input_Password_password'

2024-01-25 10:43:03 - [TEST_STEP][PASSED] - click(findTestObject("Object Repository/CURA Healthcare Login/Page_CURA Healthcare Service/button_Login")): Object: 'Object Repository/CURA Healthcare Login/Page_CURA Healthcare Service/button_Login' is clicked on

2024-01-25 10:43:05 - [MESSAGE][PASSED] - Object: 'Object Repository/CURA Healthcare Login/Page_CURA Healthcare Service/button_Login' is clicked on

2024-01-25 10:43:05 - [TEST_STEP][PASSED] - closeBrowser(): Browser is closed

2024-01-25 10:43:05 - [MESSAGE][PASSED] - Browser is closed

2024-01-25 10:43:05 - [TEST_STEP][PASSED] - Start listener action : sampleAfterTestCase: Browser is closed

2024-01-25 10:43:05 - [TEST_STEP][PASSED] - closeBrowser(): Browser is closed

2024-01-25 10:43:05 - [MESSAGE][PASSED] - Browser is closed]]></system-out>
         <system-err><![CDATA[]]></system-err>
      </testcase>
      <testcase name="Test Cases/TC_CHS_MakeAppointment/TC_CHS_MakeAppointement_002" time="14.441" classname="Test Cases/TC_CHS_MakeAppointment/TC_CHS_MakeAppointement_002" status="PASSED">
         <system-out><![CDATA[2024-01-25 10:43:06 - [TEST_CASE][PASSED] - Test Cases/TC_CHS_MakeAppointment/TC_CHS_MakeAppointement_002: Test Cases/TC_CHS_MakeAppointment/TC_CHS_MakeAppointement_002

2024-01-25 10:43:06 - [TEST_STEP][PASSED] - Start listener action : sampleBeforeTestCase: Object: 'Object Repository/CURA Healthcare MakeAppointment/Page_CURA Healthcare Service/a_Make Appointment' is clicked on

2024-01-25 10:43:06 - [TEST_STEP][PASSED] - openBrowser(""): Browser is opened with url: ''

2024-01-25 10:43:06 - [MESSAGE][INFO] - Starting 'Chrome' driver

2024-01-25 10:43:06 - [MESSAGE][INFO] - Action delay is set to 0 milliseconds

2024-01-25 10:43:08 - [MESSAGE][PASSED] - Browser is opened with url: ''

2024-01-25 10:43:08 - [TEST_STEP][PASSED] - navigateToUrl("https://katalon-demo-cura.herokuapp.com/"): Navigate to 'https://katalon-demo-cura.herokuapp.com/' successfully

2024-01-25 10:43:11 - [MESSAGE][PASSED] - Navigate to 'https://katalon-demo-cura.herokuapp.com/' successfully

2024-01-25 10:43:11 - [TEST_STEP][PASSED] - click(findTestObject("Object Repository/CURA Healthcare MakeAppointment/Page_CURA Healthcare Service/a_Make Appointment")): Object: 'Object Repository/CURA Healthcare MakeAppointment/Page_CURA Healthcare Service/a_Make Appointment' is clicked on

2024-01-25 10:43:12 - [MESSAGE][PASSED] - Object: 'Object Repository/CURA Healthcare MakeAppointment/Page_CURA Healthcare Service/a_Make Appointment' is clicked on

2024-01-25 10:43:12 - [TEST_STEP][PASSED] - setText(findTestObject("Object Repository/CURA Healthcare MakeAppointment/Page_CURA Healthcare Service/input_Username_username"), "John Doe"): Text 'John Doe' is set on object 'Object Repository/CURA Healthcare MakeAppointment/Page_CURA Healthcare Service/input_Username_username'

2024-01-25 10:43:13 - [MESSAGE][PASSED] - Text 'John Doe' is set on object 'Object Repository/CURA Healthcare MakeAppointment/Page_CURA Healthcare Service/input_Username_username'

2024-01-25 10:43:13 - [TEST_STEP][PASSED] - setEncryptedText(findTestObject("Object Repository/CURA Healthcare MakeAppointment/Page_CURA Healthcare Service/input_Password_password"), "g3/DOGG74jC3Flrr3yH+3D/yKbOqqUNM"): Text ****** has been set on object 'Object Repository/CURA Healthcare MakeAppointment/Page_CURA Healthcare Service/input_Password_password'

2024-01-25 10:43:13 - [MESSAGE][PASSED] - Text ****** has been set on object 'Object Repository/CURA Healthcare MakeAppointment/Page_CURA Healthcare Service/input_Password_password'

2024-01-25 10:43:13 - [TEST_STEP][PASSED] - click(findTestObject("Object Repository/CURA Healthcare MakeAppointment/Page_CURA Healthcare Service/button_Login")): Object: 'Object Repository/CURA Healthcare MakeAppointment/Page_CURA Healthcare Service/button_Login' is clicked on

2024-01-25 10:43:15 - [MESSAGE][PASSED] - Object: 'Object Repository/CURA Healthcare MakeAppointment/Page_CURA Healthcare Service/button_Login' is clicked on

2024-01-25 10:43:15 - [TEST_STEP][PASSED] - selectOptionByValue(findTestObject("CURA Healthcare Service Button/Page_CURA Healthcare Service/Facility"), facility, true): No option matched.

2024-01-25 10:43:16 - [MESSAGE][WARNING] - No option matched.

2024-01-25 10:43:16 - [TEST_STEP][PASSED] - click(findTestObject("Object Repository/CURA Healthcare MakeAppointment/Page_CURA Healthcare Service/input_Apply for hospital readmission_hospit_63901f")): Object: 'Object Repository/CURA Healthcare MakeAppointment/Page_CURA Healthcare Service/input_Apply for hospital readmission_hospit_63901f' is clicked on

2024-01-25 10:43:16 - [MESSAGE][PASSED] - Object: 'Object Repository/CURA Healthcare MakeAppointment/Page_CURA Healthcare Service/input_Apply for hospital readmission_hospit_63901f' is clicked on

2024-01-25 10:43:16 - [TEST_STEP][PASSED] - click(findTestObject("Object Repository/CURA Healthcare MakeAppointment/Page_CURA Healthcare Service/input_Medicaid_programs")): Object: 'Object Repository/CURA Healthcare MakeAppointment/Page_CURA Healthcare Service/input_Medicaid_programs' is clicked on

2024-01-25 10:43:17 - [MESSAGE][PASSED] - Object: 'Object Repository/CURA Healthcare MakeAppointment/Page_CURA Healthcare Service/input_Medicaid_programs' is clicked on

2024-01-25 10:43:17 - [TEST_STEP][PASSED] - setText(findTestObject("Object Repository/CURA Healthcare MakeAppointment/Page_CURA Healthcare Service/input_Visit Date (Required)_visit_date"), date): Text '' is set on object 'Object Repository/CURA Healthcare MakeAppointment/Page_CURA Healthcare Service/input_Visit Date (Required)_visit_date'

2024-01-25 10:43:18 - [MESSAGE][PASSED] - Text '' is set on object 'Object Repository/CURA Healthcare MakeAppointment/Page_CURA Healthcare Service/input_Visit Date (Required)_visit_date'

2024-01-25 10:43:18 - [TEST_STEP][PASSED] - setText(findTestObject("Object Repository/CURA Healthcare MakeAppointment/Page_CURA Healthcare Service/textarea_Comment_comment"), "Hi"): Text 'Hi' is set on object 'Object Repository/CURA Healthcare MakeAppointment/Page_CURA Healthcare Service/textarea_Comment_comment'

2024-01-25 10:43:18 - [MESSAGE][PASSED] - Text 'Hi' is set on object 'Object Repository/CURA Healthcare MakeAppointment/Page_CURA Healthcare Service/textarea_Comment_comment'

2024-01-25 10:43:18 - [TEST_STEP][PASSED] - click(findTestObject("Object Repository/CURA Healthcare MakeAppointment/Page_CURA Healthcare Service/button_Book Appointment")): Object: 'Object Repository/CURA Healthcare MakeAppointment/Page_CURA Healthcare Service/button_Book Appointment' is clicked on

2024-01-25 10:43:19 - [MESSAGE][PASSED] - Object: 'Object Repository/CURA Healthcare MakeAppointment/Page_CURA Healthcare Service/button_Book Appointment' is clicked on

2024-01-25 10:43:19 - [TEST_STEP][PASSED] - Start listener action : sampleAfterTestCase: Browser is closed

2024-01-25 10:43:19 - [TEST_STEP][PASSED] - closeBrowser(): Browser is closed

2024-01-25 10:43:20 - [MESSAGE][PASSED] - Browser is closed]]></system-out>
         <system-err><![CDATA[]]></system-err>
      </testcase>
      <system-out><![CDATA[2024-01-25 10:42:41 - [TEST_SUITE][PASSED] - TS_Login_MakeAppointment_Setup_TearDown: Test Cases/TC_CHS_MakeAppointment/TC_CHS_MakeAppointement_002]]></system-out>
      <system-err><![CDATA[]]></system-err>
   </testsuite>
</testsuites>
