<?xml version="1.0" encoding="UTF-8"?>
<testsuites name="CHS_Login_Excel_TestSuite" time="20.338" tests="1" failures="0" errors="0">
   <testsuite name="CHS_Login_Excel_TestSuite" tests="1" failures="0" errors="0" time="20.338" skipped="0" timestamp="2024-01-24 18:19:02" hostname="rajes - RajeshBandaru.mshome.net" id="Test Suites/CHS_Login_Excel_TestSuite/CHS_Login_Excel_TestSuite">
      <properties>
         <property name="deviceName" value=""/>
         <property name="devicePlatform" value=""/>
         <property name="logFolder" value="C:\\Users\\rajes\\git\\Katalon_CURA_Healthcare_project\\Reports\\20240124_181853\\CHS_Login_Excel_TestSuite\\CHS_Login_Excel_TestSuite\\20240124_181853"/>
         <property name="logFiles" value="C:\\Users\\rajes\\git\\Katalon_CURA_Healthcare_project\\Reports\\20240124_181853\\CHS_Login_Excel_TestSuite\\CHS_Login_Excel_TestSuite\\20240124_181853\\execution0.log"/>
         <property name="attachments" value=""/>
         <property name="hostName" value="rajes - RajeshBandaru.mshome.net"/>
         <property name="os" value="Windows 11 64bit"/>
         <property name="katalonVersion" value="8.6.8.208"/>
         <property name="browser" value="Chrome 120.0.0.0"/>
         <property name="hostAddress" value="192.168.137.1"/>
         <property name="sessionId" value="fd610055e43baf36b5eeb9205078a92f"/>
         <property name="seleniumVersion" value="3.141.59"/>
         <property name="proxyInformation" value="ProxyInformation { proxyOption=NO_PROXY, proxyServerType=HTTP, username=, password=********, proxyServerAddress=, proxyServerPort=0, executionList=&quot;&quot;, isApplyToDesiredCapabilities=true }"/>
         <property name="platform" value="Windows 11"/>
      </properties>
      <testcase name="Test Cases/TC_CHS_Login/TC_CHS_Login_001" time="19.897" classname="Test Cases/TC_CHS_Login/TC_CHS_Login_001" status="PASSED">
         <system-out><![CDATA[2024-01-24 18:19:03 - [TEST_CASE][PASSED] - Test Cases/TC_CHS_Login/TC_CHS_Login_001: Test Cases/TC_CHS_Login/TC_CHS_Login_001

2024-01-24 18:19:03 - [TEST_STEP][PASSED] - Start listener action : sampleBeforeTestCase: Object: 'Object Repository/CURA Healthcare MakeAppointment/Page_CURA Healthcare Service/a_Make Appointment' is clicked on

2024-01-24 18:19:03 - [TEST_STEP][PASSED] - openBrowser(""): Browser is opened with url: ''

2024-01-24 18:19:03 - [MESSAGE][INFO] - Starting 'Chrome' driver

2024-01-24 18:19:03 - [MESSAGE][INFO] - Action delay is set to 0 milliseconds

2024-01-24 18:19:07 - [MESSAGE][PASSED] - Browser is opened with url: ''

2024-01-24 18:19:07 - [TEST_STEP][PASSED] - navigateToUrl("https://katalon-demo-cura.herokuapp.com/"): Navigate to 'https://katalon-demo-cura.herokuapp.com/' successfully

2024-01-24 18:19:10 - [MESSAGE][PASSED] - Navigate to 'https://katalon-demo-cura.herokuapp.com/' successfully

2024-01-24 18:19:10 - [TEST_STEP][PASSED] - click(findTestObject("Object Repository/CURA Healthcare MakeAppointment/Page_CURA Healthcare Service/a_Make Appointment")): Object: 'Object Repository/CURA Healthcare MakeAppointment/Page_CURA Healthcare Service/a_Make Appointment' is clicked on

2024-01-24 18:19:12 - [MESSAGE][PASSED] - Object: 'Object Repository/CURA Healthcare MakeAppointment/Page_CURA Healthcare Service/a_Make Appointment' is clicked on

2024-01-24 18:19:12 - [TEST_STEP][PASSED] - openBrowser(""): Browser is opened with url: ''

2024-01-24 18:19:12 - [MESSAGE][WARNING] - A browser is already opened. Closing browser and opening a new one

2024-01-24 18:19:13 - [MESSAGE][INFO] - Starting 'Chrome' driver

2024-01-24 18:19:13 - [MESSAGE][INFO] - Action delay is set to 0 milliseconds

2024-01-24 18:19:15 - [MESSAGE][PASSED] - Browser is opened with url: ''

2024-01-24 18:19:15 - [TEST_STEP][PASSED] - navigateToUrl("https://katalon-demo-cura.herokuapp.com/"): Navigate to 'https://katalon-demo-cura.herokuapp.com/' successfully

2024-01-24 18:19:17 - [MESSAGE][PASSED] - Navigate to 'https://katalon-demo-cura.herokuapp.com/' successfully

2024-01-24 18:19:17 - [TEST_STEP][PASSED] - click(findTestObject("CURA Healthcare Service Button/Page_CURA Healthcare Service/a_Make Appointment")): Object: 'Object Repository/CURA Healthcare Service Button/Page_CURA Healthcare Service/a_Make Appointment' is clicked on

2024-01-24 18:19:18 - [MESSAGE][PASSED] - Object: 'Object Repository/CURA Healthcare Service Button/Page_CURA Healthcare Service/a_Make Appointment' is clicked on

2024-01-24 18:19:18 - [TEST_STEP][PASSED] - setText(findTestObject("Object Repository/CURA Healthcare Login/Page_CURA Healthcare Service/input_Username_username"), username): Text 'John Doe' is set on object 'Object Repository/CURA Healthcare Login/Page_CURA Healthcare Service/input_Username_username'

2024-01-24 18:19:19 - [MESSAGE][PASSED] - Text 'John Doe' is set on object 'Object Repository/CURA Healthcare Login/Page_CURA Healthcare Service/input_Username_username'

2024-01-24 18:19:19 - [TEST_STEP][PASSED] - setText(findTestObject("Object Repository/CURA Healthcare Login/Page_CURA Healthcare Service/input_Password_password"), password): Text 'ThisIsNotAPassword' is set on object 'Object Repository/CURA Healthcare Login/Page_CURA Healthcare Service/input_Password_password'

2024-01-24 18:19:20 - [MESSAGE][PASSED] - Text 'ThisIsNotAPassword' is set on object 'Object Repository/CURA Healthcare Login/Page_CURA Healthcare Service/input_Password_password'

2024-01-24 18:19:20 - [TEST_STEP][PASSED] - click(findTestObject("Object Repository/CURA Healthcare Login/Page_CURA Healthcare Service/button_Login")): Object: 'Object Repository/CURA Healthcare Login/Page_CURA Healthcare Service/button_Login' is clicked on

2024-01-24 18:19:22 - [MESSAGE][PASSED] - Object: 'Object Repository/CURA Healthcare Login/Page_CURA Healthcare Service/button_Login' is clicked on

2024-01-24 18:19:22 - [TEST_STEP][PASSED] - closeBrowser(): Browser is closed

2024-01-24 18:19:23 - [MESSAGE][PASSED] - Browser is closed

2024-01-24 18:19:23 - [TEST_STEP][PASSED] - Start listener action : sampleAfterTestCase: Browser is closed

2024-01-24 18:19:23 - [TEST_STEP][PASSED] - closeBrowser(): Browser is closed

2024-01-24 18:19:23 - [MESSAGE][PASSED] - Browser is closed]]></system-out>
         <system-err><![CDATA[]]></system-err>
      </testcase>
      <system-out><![CDATA[2024-01-24 18:19:02 - [TEST_SUITE][PASSED] - CHS_Login_Excel_TestSuite: Test Cases/TC_CHS_Login/TC_CHS_Login_001]]></system-out>
      <system-err><![CDATA[]]></system-err>
   </testsuite>
</testsuites>
