<?xml version="1.0" encoding="UTF-8"?>
<testsuites name="CHS_Login_Excel_TestSuite" time="36.351" tests="1" failures="0" errors="0">
   <testsuite name="CHS_Login_Excel_TestSuite" tests="1" failures="0" errors="0" time="36.351" skipped="0" timestamp="2024-01-26 08:29:09" hostname="rajes - RajeshBandaru" id="Test Suites/CHS_Login_Excel_TestSuite/CHS_Login_Excel_TestSuite">
      <properties>
         <property name="deviceName" value=""/>
         <property name="devicePlatform" value=""/>
         <property name="logFolder" value="C:\\Users\\rajes\\git\\Katalon_CURA_Healthcare_project\\Reports\\20240126_082856\\CHS_Login_Excel_TestSuite\\CHS_Login_Excel_TestSuite\\20240126_082856"/>
         <property name="logFiles" value="C:\\Users\\rajes\\git\\Katalon_CURA_Healthcare_project\\Reports\\20240126_082856\\CHS_Login_Excel_TestSuite\\CHS_Login_Excel_TestSuite\\20240126_082856\\execution0.log"/>
         <property name="attachments" value=""/>
         <property name="hostName" value="rajes - RajeshBandaru"/>
         <property name="os" value="Windows 11 64bit"/>
         <property name="katalonVersion" value="8.6.8.208"/>
         <property name="browser" value="Chrome 120.0.0.0"/>
         <property name="hostAddress" value="192.168.224.13"/>
         <property name="sessionId" value="dfb5c70215208f2612020f961c5e1f4a"/>
         <property name="seleniumVersion" value="3.141.59"/>
         <property name="proxyInformation" value="ProxyInformation { proxyOption=NO_PROXY, proxyServerType=HTTP, username=, password=********, proxyServerAddress=, proxyServerPort=0, executionList=&quot;&quot;, isApplyToDesiredCapabilities=true }"/>
         <property name="platform" value="Windows 11"/>
      </properties>
      <testcase name="Test Cases/TC_CHS_Login/TC_CHS_Login_001" time="35.48" classname="Test Cases/TC_CHS_Login/TC_CHS_Login_001" status="PASSED">
         <system-out><![CDATA[2024-01-26 08:29:10 - [TEST_CASE][PASSED] - Test Cases/TC_CHS_Login/TC_CHS_Login_001: Test Cases/TC_CHS_Login/TC_CHS_Login_001

2024-01-26 08:29:10 - [TEST_STEP][PASSED] - Start listener action : sampleBeforeTestCase: Object: 'Object Repository/CURA Healthcare MakeAppointment/Page_CURA Healthcare Service/a_Make Appointment' is clicked on

2024-01-26 08:29:10 - [TEST_STEP][PASSED] - openBrowser(""): Browser is opened with url: ''

2024-01-26 08:29:11 - [MESSAGE][INFO] - Starting 'Chrome' driver

2024-01-26 08:29:11 - [MESSAGE][INFO] - Action delay is set to 0 milliseconds

2024-01-26 08:29:21 - [MESSAGE][PASSED] - Browser is opened with url: ''

2024-01-26 08:29:21 - [TEST_STEP][PASSED] - navigateToUrl("https://katalon-demo-cura.herokuapp.com/"): Navigate to 'https://katalon-demo-cura.herokuapp.com/' successfully

2024-01-26 08:29:25 - [MESSAGE][PASSED] - Navigate to 'https://katalon-demo-cura.herokuapp.com/' successfully

2024-01-26 08:29:25 - [TEST_STEP][PASSED] - click(findTestObject("Object Repository/CURA Healthcare MakeAppointment/Page_CURA Healthcare Service/a_Make Appointment")): Object: 'Object Repository/CURA Healthcare MakeAppointment/Page_CURA Healthcare Service/a_Make Appointment' is clicked on

2024-01-26 08:29:27 - [MESSAGE][PASSED] - Object: 'Object Repository/CURA Healthcare MakeAppointment/Page_CURA Healthcare Service/a_Make Appointment' is clicked on

2024-01-26 08:29:29 - [TEST_STEP][PASSED] - openBrowser(""): Browser is opened with url: ''

2024-01-26 08:29:29 - [MESSAGE][WARNING] - A browser is already opened. Closing browser and opening a new one

2024-01-26 08:29:30 - [MESSAGE][INFO] - Starting 'Chrome' driver

2024-01-26 08:29:30 - [MESSAGE][INFO] - Action delay is set to 0 milliseconds

2024-01-26 08:29:33 - [MESSAGE][PASSED] - Browser is opened with url: ''

2024-01-26 08:29:33 - [TEST_STEP][PASSED] - navigateToUrl("https://katalon-demo-cura.herokuapp.com/"): Navigate to 'https://katalon-demo-cura.herokuapp.com/' successfully

2024-01-26 08:29:35 - [MESSAGE][PASSED] - Navigate to 'https://katalon-demo-cura.herokuapp.com/' successfully

2024-01-26 08:29:35 - [TEST_STEP][PASSED] - click(findTestObject("CURA Healthcare Service Button/Page_CURA Healthcare Service/a_Make Appointment")): Object: 'Object Repository/CURA Healthcare Service Button/Page_CURA Healthcare Service/a_Make Appointment' is clicked on

2024-01-26 08:29:38 - [MESSAGE][PASSED] - Object: 'Object Repository/CURA Healthcare Service Button/Page_CURA Healthcare Service/a_Make Appointment' is clicked on

2024-01-26 08:29:38 - [TEST_STEP][PASSED] - setText(findTestObject("Object Repository/CURA Healthcare Login/Page_CURA Healthcare Service/input_Username_username"), username): Text 'John Doe' is set on object 'Object Repository/CURA Healthcare Login/Page_CURA Healthcare Service/input_Username_username'

2024-01-26 08:29:40 - [MESSAGE][PASSED] - Text 'John Doe' is set on object 'Object Repository/CURA Healthcare Login/Page_CURA Healthcare Service/input_Username_username'

2024-01-26 08:29:40 - [TEST_STEP][PASSED] - setText(findTestObject("Object Repository/CURA Healthcare Login/Page_CURA Healthcare Service/input_Password_password"), password): Text 'ThisIsNotAPassword' is set on object 'Object Repository/CURA Healthcare Login/Page_CURA Healthcare Service/input_Password_password'

2024-01-26 08:29:41 - [MESSAGE][PASSED] - Text 'ThisIsNotAPassword' is set on object 'Object Repository/CURA Healthcare Login/Page_CURA Healthcare Service/input_Password_password'

2024-01-26 08:29:41 - [TEST_STEP][PASSED] - click(findTestObject("Object Repository/CURA Healthcare Login/Page_CURA Healthcare Service/button_Login")): Object: 'Object Repository/CURA Healthcare Login/Page_CURA Healthcare Service/button_Login' is clicked on

2024-01-26 08:29:43 - [MESSAGE][PASSED] - Object: 'Object Repository/CURA Healthcare Login/Page_CURA Healthcare Service/button_Login' is clicked on

2024-01-26 08:29:43 - [TEST_STEP][PASSED] - closeBrowser(): Browser is closed

2024-01-26 08:29:45 - [MESSAGE][PASSED] - Browser is closed

2024-01-26 08:29:45 - [TEST_STEP][PASSED] - Start listener action : sampleAfterTestCase: Browser is closed

2024-01-26 08:29:45 - [TEST_STEP][PASSED] - closeBrowser(): Browser is closed

2024-01-26 08:29:45 - [MESSAGE][PASSED] - Browser is closed]]></system-out>
         <system-err><![CDATA[]]></system-err>
      </testcase>
      <system-out><![CDATA[2024-01-26 08:29:09 - [TEST_SUITE][PASSED] - CHS_Login_Excel_TestSuite: Test Cases/TC_CHS_Login/TC_CHS_Login_001]]></system-out>
      <system-err><![CDATA[]]></system-err>
   </testsuite>
</testsuites>
