<?xml version="1.0" encoding="UTF-8"?>
<testsuites name="Logout_Internal_Data" time="30.677" tests="1" failures="0" errors="0">
   <testsuite name="Logout_Internal_Data" tests="1" failures="0" errors="0" time="30.677" skipped="0" timestamp="2024-01-25 15:00:45" hostname="rajes - RajeshBandaru" id="Test Suites/CHS_Logout_InternalData/Logout_Internal_Data">
      <properties>
         <property name="deviceName" value=""/>
         <property name="devicePlatform" value=""/>
         <property name="logFolder" value="C:\\Users\\rajes\\git\\Katalon_CURA_Healthcare_project\\Reports\\20240125_150035\\CHS_Logout_InternalData\\Logout_Internal_Data\\20240125_150035"/>
         <property name="logFiles" value="C:\\Users\\rajes\\git\\Katalon_CURA_Healthcare_project\\Reports\\20240125_150035\\CHS_Logout_InternalData\\Logout_Internal_Data\\20240125_150035\\execution0.log"/>
         <property name="attachments" value=""/>
         <property name="hostName" value="rajes - RajeshBandaru"/>
         <property name="os" value="Windows 11 64bit"/>
         <property name="katalonVersion" value="8.6.8.208"/>
         <property name="browser" value="Chrome 120.0.0.0"/>
         <property name="hostAddress" value="192.168.230.13"/>
         <property name="sessionId" value="8d8d5460e7cdada8669d8fe4ff44b61a"/>
         <property name="seleniumVersion" value="3.141.59"/>
         <property name="proxyInformation" value="ProxyInformation { proxyOption=NO_PROXY, proxyServerType=HTTP, username=, password=********, proxyServerAddress=, proxyServerPort=0, executionList=&quot;&quot;, isApplyToDesiredCapabilities=true }"/>
         <property name="platform" value="Windows 11"/>
      </properties>
      <testcase name="Test Cases/TC_CHS_Logout/TC_CHS_Logout_004" time="30.112" classname="Test Cases/TC_CHS_Logout/TC_CHS_Logout_004" status="PASSED">
         <system-out><![CDATA[2024-01-25 15:00:45 - [TEST_CASE][PASSED] - Test Cases/TC_CHS_Logout/TC_CHS_Logout_004: Test Cases/TC_CHS_Logout/TC_CHS_Logout_004

2024-01-25 15:00:46 - [TEST_STEP][PASSED] - Start listener action : sampleBeforeTestCase: Object: 'Object Repository/CURA Healthcare MakeAppointment/Page_CURA Healthcare Service/a_Make Appointment' is clicked on

2024-01-25 15:00:46 - [TEST_STEP][PASSED] - openBrowser(""): Browser is opened with url: ''

2024-01-25 15:00:46 - [MESSAGE][INFO] - Starting 'Chrome' driver

2024-01-25 15:00:46 - [MESSAGE][INFO] - Action delay is set to 0 milliseconds

2024-01-25 15:00:50 - [MESSAGE][PASSED] - Browser is opened with url: ''

2024-01-25 15:00:50 - [TEST_STEP][PASSED] - navigateToUrl("https://katalon-demo-cura.herokuapp.com/"): Navigate to 'https://katalon-demo-cura.herokuapp.com/' successfully

2024-01-25 15:00:55 - [MESSAGE][PASSED] - Navigate to 'https://katalon-demo-cura.herokuapp.com/' successfully

2024-01-25 15:00:55 - [TEST_STEP][PASSED] - click(findTestObject("Object Repository/CURA Healthcare MakeAppointment/Page_CURA Healthcare Service/a_Make Appointment")): Object: 'Object Repository/CURA Healthcare MakeAppointment/Page_CURA Healthcare Service/a_Make Appointment' is clicked on

2024-01-25 15:00:56 - [MESSAGE][PASSED] - Object: 'Object Repository/CURA Healthcare MakeAppointment/Page_CURA Healthcare Service/a_Make Appointment' is clicked on

2024-01-25 15:00:58 - [TEST_STEP][PASSED] - openBrowser(""): Browser is opened with url: ''

2024-01-25 15:00:58 - [MESSAGE][WARNING] - A browser is already opened. Closing browser and opening a new one

2024-01-25 15:00:59 - [MESSAGE][INFO] - Starting 'Chrome' driver

2024-01-25 15:00:59 - [MESSAGE][INFO] - Action delay is set to 0 milliseconds

2024-01-25 15:01:02 - [MESSAGE][PASSED] - Browser is opened with url: ''

2024-01-25 15:01:02 - [TEST_STEP][PASSED] - navigateToUrl("https://katalon-demo-cura.herokuapp.com/"): Navigate to 'https://katalon-demo-cura.herokuapp.com/' successfully

2024-01-25 15:01:05 - [MESSAGE][PASSED] - Navigate to 'https://katalon-demo-cura.herokuapp.com/' successfully

2024-01-25 15:01:05 - [TEST_STEP][PASSED] - click(findTestObject("CURA Healthcare Service Button/Page_CURA Healthcare Service/a_Make Appointment")): Object: 'Object Repository/CURA Healthcare Service Button/Page_CURA Healthcare Service/a_Make Appointment' is clicked on

2024-01-25 15:01:07 - [MESSAGE][PASSED] - Object: 'Object Repository/CURA Healthcare Service Button/Page_CURA Healthcare Service/a_Make Appointment' is clicked on

2024-01-25 15:01:07 - [TEST_STEP][PASSED] - setText(findTestObject("Object Repository/CURA Healthcare Logout/Page_CURA Healthcare Service/input_Username_username"), username): Text 'John Doe' is set on object 'Object Repository/CURA Healthcare Logout/Page_CURA Healthcare Service/input_Username_username'

2024-01-25 15:01:08 - [MESSAGE][PASSED] - Text 'John Doe' is set on object 'Object Repository/CURA Healthcare Logout/Page_CURA Healthcare Service/input_Username_username'

2024-01-25 15:01:08 - [TEST_STEP][PASSED] - setText(findTestObject("Object Repository/CURA Healthcare Logout/Page_CURA Healthcare Service/input_Password_password"), password): Text 'ThisIsNotAPassword' is set on object 'Object Repository/CURA Healthcare Logout/Page_CURA Healthcare Service/input_Password_password'

2024-01-25 15:01:09 - [MESSAGE][PASSED] - Text 'ThisIsNotAPassword' is set on object 'Object Repository/CURA Healthcare Logout/Page_CURA Healthcare Service/input_Password_password'

2024-01-25 15:01:09 - [TEST_STEP][PASSED] - click(findTestObject("Object Repository/CURA Healthcare Logout/Page_CURA Healthcare Service/button_Login")): Object: 'Object Repository/CURA Healthcare Logout/Page_CURA Healthcare Service/button_Login' is clicked on

2024-01-25 15:01:11 - [MESSAGE][PASSED] - Object: 'Object Repository/CURA Healthcare Logout/Page_CURA Healthcare Service/button_Login' is clicked on

2024-01-25 15:01:11 - [TEST_STEP][PASSED] - selectOptionByValue(findTestObject("Object Repository/CURA Healthcare Logout/Page_CURA Healthcare Service/select_Tokyo CURA Healthcare Center        _5b4107"), "Hongkong CURA Healthcare Center", true): All options with value 'Hongkong CURA Healthcare Center' are selected in object 'Object Repository/CURA Healthcare Logout/Page_CURA Healthcare Service/select_Tokyo CURA Healthcare Center        _5b4107'  using regular expression

2024-01-25 15:01:12 - [MESSAGE][PASSED] - All options with value 'Hongkong CURA Healthcare Center' are selected in object 'Object Repository/CURA Healthcare Logout/Page_CURA Healthcare Service/select_Tokyo CURA Healthcare Center        _5b4107'  using regular expression

2024-01-25 15:01:12 - [TEST_STEP][PASSED] - click(findTestObject("Object Repository/CURA Healthcare Logout/Page_CURA Healthcare Service/i_CURA Healthcare_fa fa-bars")): Object: 'Object Repository/CURA Healthcare Logout/Page_CURA Healthcare Service/i_CURA Healthcare_fa fa-bars' is clicked on

2024-01-25 15:01:13 - [MESSAGE][PASSED] - Object: 'Object Repository/CURA Healthcare Logout/Page_CURA Healthcare Service/i_CURA Healthcare_fa fa-bars' is clicked on

2024-01-25 15:01:13 - [TEST_STEP][PASSED] - click(findTestObject("Object Repository/CURA Healthcare Logout/Page_CURA Healthcare Service/a_Logout")): Object: 'Object Repository/CURA Healthcare Logout/Page_CURA Healthcare Service/a_Logout' is clicked on

2024-01-25 15:01:14 - [MESSAGE][PASSED] - Object: 'Object Repository/CURA Healthcare Logout/Page_CURA Healthcare Service/a_Logout' is clicked on

2024-01-25 15:01:14 - [TEST_STEP][PASSED] - closeBrowser(): Browser is closed

2024-01-25 15:01:15 - [MESSAGE][PASSED] - Browser is closed

2024-01-25 15:01:15 - [TEST_STEP][PASSED] - Start listener action : sampleAfterTestCase: Browser is closed

2024-01-25 15:01:15 - [TEST_STEP][PASSED] - closeBrowser(): Browser is closed

2024-01-25 15:01:15 - [MESSAGE][PASSED] - Browser is closed]]></system-out>
         <system-err><![CDATA[]]></system-err>
      </testcase>
      <system-out><![CDATA[2024-01-25 15:00:45 - [TEST_SUITE][PASSED] - Logout_Internal_Data: Test Cases/TC_CHS_Logout/TC_CHS_Logout_004]]></system-out>
      <system-err><![CDATA[]]></system-err>
   </testsuite>
</testsuites>
